RUN	simulations.FixedDurationLoadSimulation	fixeddurationloadsimulation	1626816700218	test fixed duration simulation	3.6.1
USER	Fixed duration simulation	START	1626816708930
USER	Fixed duration simulation	START	1626816708932
USER	Fixed duration simulation	START	1626816709059
USER	Fixed duration simulation	START	1626816709058
USER	Fixed duration simulation	START	1626816708931
USER	Fixed duration simulation	START	1626816708931
USER	Fixed duration simulation	START	1626816708931
USER	Fixed duration simulation	START	1626816708932
USER	Fixed duration simulation	START	1626816708932
USER	Fixed duration simulation	START	1626816708932
USER	Fixed duration simulation	START	1626816709066
USER	Fixed duration simulation	START	1626816709439
REQUEST		get all users request	1626816709023	1626816709577	OK	 
REQUEST		get all users request	1626816709028	1626816709541	OK	 
REQUEST		get all users request	1626816709026	1626816709540	OK	 
REQUEST		get all users request	1626816709022	1626816709541	OK	 
REQUEST		get all users request	1626816709023	1626816709541	OK	 
REQUEST		get all users request	1626816709023	1626816709539	OK	 
REQUEST		get all users request	1626816709023	1626816709540	OK	 
REQUEST		get all users request	1626816709025	1626816709541	OK	 
REQUEST		get all users request	1626816709060	1626816709606	OK	 
REQUEST		get all users request	1626816709061	1626816709607	OK	 
REQUEST		get all users request	1626816709067	1626816709612	OK	 
REQUEST		get all users request	1626816709440	1626816709655	OK	 
USER	Fixed duration simulation	START	1626816709912
REQUEST		get all users request	1626816709914	1626816710099	OK	 
USER	Fixed duration simulation	START	1626816710411
REQUEST		get all users request	1626816710411	1626816710586	OK	 
USER	Fixed duration simulation	START	1626816710911
REQUEST		get all users request	1626816710912	1626816711085	OK	 
REQUEST		get single user request	1626816711607	1626816711643	OK	 
REQUEST		get single user request	1626816711608	1626816711646	OK	 
REQUEST		get single user request	1626816711613	1626816711649	OK	 
REQUEST		get single user request	1626816711611	1626816711649	OK	 
REQUEST		get single user request	1626816711611	1626816711653	OK	 
REQUEST		get single user request	1626816711617	1626816711656	OK	 
REQUEST		get single user request	1626816711611	1626816711662	OK	 
REQUEST		get single user request	1626816711607	1626816711666	OK	 
REQUEST		get single user request	1626816711608	1626816711669	OK	 
REQUEST		get single user request	1626816711615	1626816711675	OK	 
REQUEST		get single user request	1626816711613	1626816711684	OK	 
REQUEST		get single user request	1626816711662	1626816711741	OK	 
USER	Fixed duration simulation	START	1626816711912
REQUEST		get all users request	1626816711912	1626816712083	OK	 
REQUEST		get single user request	1626816712107	1626816712159	OK	 
USER	Fixed duration simulation	START	1626816712412
REQUEST		get all users request	1626816712413	1626816712555	OK	 
REQUEST		get single user request	1626816712593	1626816712686	OK	 
USER	Fixed duration simulation	START	1626816712913
REQUEST		get all users request	1626816712914	1626816713101	OK	 
REQUEST		get single user request	1626816713089	1626816713211	OK	 
USER	Fixed duration simulation	START	1626816713413
REQUEST		get all users request	1626816713414	1626816713567	OK	 
REQUEST		add user request	1626816713652	1626816713742	OK	 
REQUEST		add user request	1626816713664	1626816713742	OK	 
REQUEST		add user request	1626816713652	1626816713746	OK	 
REQUEST		add user request	1626816713654	1626816713746	OK	 
REQUEST		add user request	1626816713652	1626816713750	OK	 
REQUEST		add user request	1626816713657	1626816713750	OK	 
REQUEST		add user request	1626816713665	1626816713764	OK	 
REQUEST		add user request	1626816713674	1626816713772	OK	 
REQUEST		add user request	1626816713673	1626816713775	OK	 
REQUEST		add user request	1626816713688	1626816713781	OK	 
REQUEST		add user request	1626816713680	1626816713785	OK	 
REQUEST		add user request	1626816713751	1626816713826	OK	 
REQUEST		add user request	1626816713747	1626816713831	OK	 
REQUEST		add user request	1626816713745	1626816713833	OK	 
REQUEST		add user request	1626816713752	1626816713834	OK	 
REQUEST		add user request	1626816713751	1626816713834	OK	 
REQUEST		add user request	1626816713753	1626816713838	OK	 
REQUEST		add user request	1626816713749	1626816713842	OK	 
REQUEST		add user request	1626816713766	1626816713868	OK	 
REQUEST		add user request	1626816713783	1626816713870	OK	 
REQUEST		add user request	1626816713774	1626816713878	OK	 
REQUEST		add user request	1626816713776	1626816713888	OK	 
REQUEST		add user request	1626816713787	1626816713900	OK	 
USER	Fixed duration simulation	START	1626816713912
REQUEST		add user request	1626816713839	1626816713937	OK	 
REQUEST		get all users request	1626816713913	1626816714018	OK	 
REQUEST		get single user request	1626816714089	1626816714136	OK	 
REQUEST		add user request	1626816714166	1626816714262	OK	 
REQUEST		add user request	1626816714264	1626816714361	OK	 
REQUEST		get single user request	1626816714561	1626816714605	OK	 
REQUEST		add user request	1626816714690	1626816714785	OK	 
REQUEST		add user request	1626816714786	1626816714885	OK	 
USER	Fixed duration simulation	START	1626816714911
REQUEST		get all users request	1626816714912	1626816715046	OK	 
REQUEST		get single user request	1626816715108	1626816715159	OK	 
REQUEST		add user request	1626816715218	1626816715376	OK	 
USER	Fixed duration simulation	START	1626816715413
REQUEST		add user request	1626816715378	1626816715513	OK	 
REQUEST		get all users request	1626816715414	1626816715555	OK	 
REQUEST		get single user request	1626816715571	1626816715616	OK	 
USER	Fixed duration simulation	START	1626816715915
REQUEST		get all users request	1626816715916	1626816716054	OK	 
REQUEST		get single user request	1626816716022	1626816716059	OK	 
REQUEST		add user request	1626816716142	1626816716233	OK	 
REQUEST		add user request	1626816716235	1626816716322	OK	 
USER	Fixed duration simulation	START	1626816716413
REQUEST		get all users request	1626816716414	1626816716558	OK	 
REQUEST		add user request	1626816716609	1626816716767	OK	 
REQUEST		add user request	1626816716769	1626816716861	OK	 
USER	Fixed duration simulation	START	1626816716913
REQUEST		get single user request	1626816717050	1626816717101	OK	 
REQUEST		get all users request	1626816716913	1626816717129	OK	 
REQUEST		add user request	1626816717169	1626816717278	OK	 
REQUEST		add user request	1626816717279	1626816717398	OK	 
REQUEST		get single user request	1626816717558	1626816717651	OK	 
REQUEST		add user request	1626816717624	1626816717767	OK	 
REQUEST		add user request	1626816717768	1626816717872	OK	 
USER	Fixed duration simulation	START	1626816717911
REQUEST		add user request	1626816717837	1626816717949	OK	 
REQUEST		add user request	1626816717844	1626816717951	OK	 
REQUEST		add user request	1626816717852	1626816717954	OK	 
REQUEST		add user request	1626816717846	1626816717954	OK	 
REQUEST		add user request	1626816717846	1626816717957	OK	 
REQUEST		add user request	1626816717876	1626816717972	OK	 
REQUEST		add user request	1626816717844	1626816717974	OK	 
REQUEST		add user request	1626816717884	1626816717976	OK	 
REQUEST		add user request	1626816717891	1626816717985	OK	 
REQUEST		add user request	1626816717904	1626816718019	OK	 
REQUEST		add user request	1626816717910	1626816718053	OK	 
REQUEST		add user request	1626816717950	1626816718053	OK	 
REQUEST		add user request	1626816717948	1626816718059	OK	 
REQUEST		add user request	1626816717955	1626816718059	OK	 
REQUEST		add user request	1626816717952	1626816718063	OK	 
REQUEST		add user request	1626816717975	1626816718064	OK	 
REQUEST		add user request	1626816717955	1626816718065	OK	 
REQUEST		add user request	1626816717977	1626816718066	OK	 
REQUEST		add user request	1626816717958	1626816718068	OK	 
REQUEST		add user request	1626816717978	1626816718069	OK	 
REQUEST		get single user request	1626816718063	1626816718114	OK	 
REQUEST		add user request	1626816718065	1626816718145	OK	 
REQUEST		get all users request	1626816717912	1626816718145	OK	 
REQUEST		add user request	1626816718061	1626816718148	OK	 
REQUEST		add user request	1626816718020	1626816718148	OK	 
REQUEST		add user request	1626816717986	1626816718155	OK	 
REQUEST		add user request	1626816718054	1626816718155	OK	 
REQUEST		add user request	1626816718146	1626816718234	OK	 
USER	Fixed duration simulation	START	1626816718410
REQUEST		add user request	1626816718373	1626816718506	OK	 
REQUEST		add user request	1626816718509	1626816718619	OK	 
REQUEST		get single user request	1626816718564	1626816718629	OK	 
REQUEST		get all users request	1626816718411	1626816718714	OK	 
USER	Fixed duration simulation	START	1626816718914
REQUEST		add user request	1626816718893	1626816718994	OK	 
REQUEST		get all users request	1626816718915	1626816719014	OK	 
REQUEST		add user request	1626816718996	1626816719088	OK	 
REQUEST		get single user request	1626816719132	1626816719212	OK	 
REQUEST		add user request	1626816719107	1626816719214	OK	 
REQUEST		add user request	1626816719215	1626816719303	OK	 
USER	Fixed duration simulation	START	1626816719415
REQUEST		get all users request	1626816719415	1626816719583	OK	 
REQUEST		add user request	1626816719520	1626816719626	OK	 
REQUEST		add user request	1626816719628	1626816719732	OK	 
REQUEST		add user request	1626816719657	1626816719737	OK	 
REQUEST		add user request	1626816719738	1626816719821	OK	 
USER	Fixed duration simulation	START	1626816719912
REQUEST		get all users request	1626816719912	1626816720028	OK	 
REQUEST		get single user request	1626816720148	1626816720205	OK	 
REQUEST		add user request	1626816720127	1626816720251	OK	 
REQUEST		add user request	1626816720253	1626816720344	OK	 
REQUEST		add user request	1626816720332	1626816720413	OK	 
REQUEST		add user request	1626816720415	1626816720490	OK	 
REQUEST		add user request	1626816720636	1626816720720	OK	 
REQUEST		get single user request	1626816720717	1626816720779	OK	 
REQUEST		add user request	1626816720723	1626816720804	OK	 
USER	Fixed duration simulation	START	1626816720912
REQUEST		add user request	1626816720880	1626816720995	OK	 
REQUEST		get single user request	1626816721018	1626816721054	OK	 
REQUEST		get all users request	1626816720914	1626816721057	OK	 
REQUEST		add user request	1626816720996	1626816721081	OK	 
REQUEST		add user request	1626816721218	1626816721324	OK	 
USER	Fixed duration simulation	START	1626816721415
REQUEST		add user request	1626816721325	1626816721439	OK	 
REQUEST		add user request	1626816721410	1626816721505	OK	 
REQUEST		get all users request	1626816721415	1626816721539	OK	 
REQUEST		add user request	1626816721507	1626816721629	OK	 
REQUEST		get single user request	1626816721590	1626816721652	OK	 
USER	Fixed duration simulation	START	1626816721916
REQUEST		add user request	1626816721884	1626816722006	OK	 
REQUEST		get single user request	1626816722032	1626816722072	OK	 
REQUEST		get all users request	1626816721916	1626816722086	OK	 
REQUEST		add user request	1626816722007	1626816722092	OK	 
REQUEST		add user request	1626816722074	1626816722151	OK	 
REQUEST		add user request	1626816722072	1626816722156	OK	 
REQUEST		add user request	1626816722071	1626816722160	OK	 
REQUEST		add user request	1626816722076	1626816722163	OK	 
REQUEST		add user request	1626816722079	1626816722165	OK	 
REQUEST		add user request	1626816722085	1626816722196	OK	 
REQUEST		add user request	1626816722079	1626816722197	OK	 
REQUEST		add user request	1626816722088	1626816722198	OK	 
REQUEST		add user request	1626816722157	1626816722239	OK	 
REQUEST		add user request	1626816722161	1626816722241	OK	 
REQUEST		add user request	1626816722158	1626816722244	OK	 
REQUEST		add user request	1626816722164	1626816722275	OK	 
REQUEST		add user request	1626816722158	1626816722275	OK	 
REQUEST		add user request	1626816722167	1626816722278	OK	 
REQUEST		add user request	1626816722160	1626816722277	OK	 
REQUEST		add user request	1626816722197	1626816722280	OK	 
REQUEST		add user request	1626816722198	1626816722288	OK	 
REQUEST		add user request	1626816722199	1626816722289	OK	 
REQUEST		add user request	1626816722167	1626816722300	OK	 
REQUEST		add user request	1626816722169	1626816722307	OK	 
REQUEST		add user request	1626816722213	1626816722340	OK	 
REQUEST		add user request	1626816722249	1626816722359	OK	 
REQUEST		add user request	1626816722279	1626816722375	OK	 
REQUEST		add user request	1626816722277	1626816722385	OK	 
USER	Fixed duration simulation	START	1626816722410
REQUEST		add user request	1626816722341	1626816722433	OK	 
REQUEST		add user request	1626816722310	1626816722440	OK	 
REQUEST		add user request	1626816722360	1626816722444	OK	 
REQUEST		add user request	1626816722306	1626816722498	OK	 
REQUEST		get all users request	1626816722411	1626816722664	OK	 
REQUEST		add user request	1626816722632	1626816722759	OK	 
REQUEST		add user request	1626816722785	1626816722891	OK	 
REQUEST		add user request	1626816722762	1626816722892	OK	 
USER	Fixed duration simulation	START	1626816722911
REQUEST		add user request	1626816722892	1626816722996	OK	 
REQUEST		get all users request	1626816722912	1626816723037	OK	 
REQUEST		get single user request	1626816723059	1626816723130	OK	 
REQUEST		add user request	1626816723058	1626816723159	OK	 
REQUEST		add user request	1626816723096	1626816723185	OK	 
REQUEST		add user request	1626816723161	1626816723249	OK	 
REQUEST		add user request	1626816723188	1626816723301	OK	 
REQUEST		add user request	1626816723320	1626816723416	OK	 
REQUEST		add user request	1626816723417	1626816723510	OK	 
REQUEST		get single user request	1626816723546	1626816723664	OK	 
REQUEST		add user request	1626816723659	1626816723758	OK	 
REQUEST		add user request	1626816723742	1626816723844	OK	 
REQUEST		add user request	1626816723759	1626816723855	OK	 
USER	Fixed duration simulation	START	1626816723912
REQUEST		add user request	1626816723836	1626816723916	OK	 
REQUEST		add user request	1626816723845	1626816723952	OK	 
REQUEST		add user request	1626816723917	1626816723998	OK	 
REQUEST		get all users request	1626816723912	1626816724075	OK	 
REQUEST		get single user request	1626816724091	1626816724144	OK	 
REQUEST		add user request	1626816724076	1626816724157	OK	 
REQUEST		add user request	1626816724158	1626816724236	OK	 
USER	Fixed duration simulation	START	1626816724412
REQUEST		add user request	1626816724361	1626816724459	OK	 
REQUEST		add user request	1626816724460	1626816724550	OK	 
REQUEST		get all users request	1626816724413	1626816724579	OK	 
REQUEST		add user request	1626816724504	1626816724584	OK	 
REQUEST		add user request	1626816724585	1626816724666	OK	 
REQUEST		get single user request	1626816724670	1626816724728	OK	 
REQUEST		add user request	1626816724811	1626816724908	OK	 
USER	Fixed duration simulation	START	1626816724911
REQUEST		add user request	1626816724909	1626816724991	OK	 
REQUEST		get single user request	1626816725041	1626816725090	OK	 
REQUEST		get all users request	1626816724911	1626816725125	OK	 
REQUEST		add user request	1626816725094	1626816725184	OK	 
REQUEST		add user request	1626816725137	1626816725219	OK	 
REQUEST		add user request	1626816725186	1626816725284	OK	 
REQUEST		add user request	1626816725220	1626816725304	OK	 
USER	Fixed duration simulation	START	1626816725412
REQUEST		get all users request	1626816725412	1626816725546	OK	 
REQUEST		add user request	1626816725447	1626816725552	OK	 
REQUEST		add user request	1626816725555	1626816725642	OK	 
REQUEST		add user request	1626816725640	1626816725735	OK	 
REQUEST		add user request	1626816725669	1626816725744	OK	 
REQUEST		add user request	1626816725738	1626816725830	OK	 
REQUEST		add user request	1626816725746	1626816725830	OK	 
USER	Fixed duration simulation	START	1626816725911
REQUEST		get all users request	1626816725911	1626816726093	OK	 
REQUEST		get single user request	1626816726079	1626816726152	OK	 
REQUEST		add user request	1626816726103	1626816726183	OK	 
REQUEST		add user request	1626816726148	1626816726240	OK	 
REQUEST		add user request	1626816726242	1626816726321	OK	 
REQUEST		add user request	1626816726184	1626816726325	OK	 
REQUEST		add user request	1626816726254	1626816726331	OK	 
REQUEST		add user request	1626816726254	1626816726334	OK	 
REQUEST		add user request	1626816726254	1626816726337	OK	 
REQUEST		add user request	1626816726287	1626816726365	OK	 
REQUEST		add user request	1626816726292	1626816726367	OK	 
REQUEST		add user request	1626816726287	1626816726369	OK	 
REQUEST		add user request	1626816726296	1626816726383	OK	 
REQUEST		add user request	1626816726300	1626816726399	OK	 
REQUEST		add user request	1626816726332	1626816726413	OK	 
REQUEST		add user request	1626816726338	1626816726413	OK	 
REQUEST		add user request	1626816726335	1626816726420	OK	 
REQUEST		add user request	1626816726367	1626816726451	OK	 
REQUEST		add user request	1626816726366	1626816726452	OK	 
REQUEST		add user request	1626816726371	1626816726461	OK	 
REQUEST		add user request	1626816726384	1626816726472	OK	 
REQUEST		add user request	1626816726393	1626816726492	OK	 
REQUEST		add user request	1626816726400	1626816726492	OK	 
REQUEST		add user request	1626816726408	1626816726509	OK	 
REQUEST		add user request	1626816726450	1626816726555	OK	 
REQUEST		add user request	1626816726459	1626816726555	OK	 
REQUEST		add user request	1626816726446	1626816726557	OK	 
REQUEST		add user request	1626816726492	1626816726574	OK	 
REQUEST		add user request	1626816726509	1626816726637	OK	 
REQUEST		add user request	1626816726513	1626816726637	OK	 
REQUEST		add user request	1626816726556	1626816726638	OK	 
REQUEST		get single user request	1626816726585	1626816726642	OK	 
REQUEST		add user request	1626816726558	1626816726647	OK	 
REQUEST		add user request	1626816726556	1626816726660	OK	 
REQUEST		add user request	1626816726639	1626816726736	OK	 
REQUEST		add user request	1626816726733	1626816726854	OK	 
USER	Fixed duration simulation	START	1626816726914
REQUEST		add user request	1626816726860	1626816726964	OK	 
REQUEST		add user request	1626816726906	1626816727053	OK	 
REQUEST		add user request	1626816727007	1626816727114	OK	 
REQUEST		get all users request	1626816726915	1626816727138	OK	 
REQUEST		add user request	1626816727054	1626816727166	OK	 
REQUEST		get single user request	1626816727129	1626816727180	OK	 
REQUEST		add user request	1626816727096	1626816727183	OK	 
REQUEST		add user request	1626816727115	1626816727218	OK	 
REQUEST		add user request	1626816727184	1626816727276	OK	 
REQUEST		add user request	1626816727260	1626816727343	OK	 
REQUEST		add user request	1626816727312	1626816727410	OK	 
USER	Fixed duration simulation	START	1626816727412
REQUEST		add user request	1626816727344	1626816727440	OK	 
REQUEST		add user request	1626816727411	1626816727564	OK	 
REQUEST		get single user request	1626816727555	1626816727594	OK	 
REQUEST		add user request	1626816727520	1626816727751	OK	 
REQUEST		get all users request	1626816727413	1626816727751	OK	 
REQUEST		add user request	1626816727752	1626816727840	OK	 
USER	Fixed duration simulation	START	1626816727910
REQUEST		add user request	1626816727866	1626816728011	OK	 
REQUEST		get all users request	1626816727911	1626816728012	OK	 
REQUEST		add user request	1626816727960	1626816728060	OK	 
REQUEST		add user request	1626816728019	1626816728114	OK	 
REQUEST		add user request	1626816728012	1626816728150	OK	 
REQUEST		add user request	1626816728063	1626816728167	OK	 
REQUEST		get single user request	1626816728097	1626816728169	OK	 
REQUEST		add user request	1626816728114	1626816728197	OK	 
REQUEST		add user request	1626816728155	1626816728272	OK	 
REQUEST		add user request	1626816728275	1626816728390	OK	 
REQUEST		add user request	1626816728251	1626816728391	OK	 
USER	Fixed duration simulation	START	1626816728413
REQUEST		add user request	1626816728392	1626816728531	OK	 
REQUEST		get all users request	1626816728414	1626816728569	OK	 
REQUEST		add user request	1626816728560	1626816728642	OK	 
REQUEST		add user request	1626816728647	1626816728762	OK	 
REQUEST		add user request	1626816728643	1626816728762	OK	 
REQUEST		add user request	1626816728680	1626816728774	OK	 
REQUEST		add user request	1626816728775	1626816728852	OK	 
REQUEST		add user request	1626816728763	1626816728865	OK	 
USER	Fixed duration simulation	START	1626816728910
REQUEST		add user request	1626816728999	1626816729090	OK	 
REQUEST		get all users request	1626816728910	1626816729130	OK	 
REQUEST		add user request	1626816729093	1626816729177	OK	 
REQUEST		get single user request	1626816729142	1626816729222	OK	 
REQUEST		add user request	1626816729188	1626816729285	OK	 
REQUEST		add user request	1626816729286	1626816729376	OK	 
REQUEST		add user request	1626816729297	1626816729384	OK	 
REQUEST		add user request	1626816729319	1626816729403	OK	 
REQUEST		add user request	1626816729385	1626816729478	OK	 
REQUEST		add user request	1626816729404	1626816729486	OK	 
REQUEST		add user request	1626816729597	1626816729685	OK	 
REQUEST		add user request	1626816729648	1626816729745	OK	 
REQUEST		add user request	1626816729685	1626816729761	OK	 
REQUEST		get single user request	1626816729756	1626816729819	OK	 
REQUEST		add user request	1626816729746	1626816729848	OK	 
REQUEST		add user request	1626816729835	1626816729909	OK	 
USER	Fixed duration simulation	START	1626816729911
REQUEST		add user request	1626816729837	1626816729928	OK	 
REQUEST		add user request	1626816729910	1626816730007	OK	 
REQUEST		add user request	1626816729928	1626816730035	OK	 
REQUEST		get single user request	1626816730016	1626816730068	OK	 
REQUEST		get all users request	1626816729911	1626816730068	OK	 
REQUEST		add user request	1626816730173	1626816730288	OK	 
REQUEST		add user request	1626816730288	1626816730383	OK	 
USER	Fixed duration simulation	START	1626816730411
REQUEST		add user request	1626816730332	1626816730416	OK	 
REQUEST		add user request	1626816730332	1626816730424	OK	 
REQUEST		add user request	1626816730425	1626816730505	OK	 
REQUEST		add user request	1626816730417	1626816730505	OK	 
REQUEST		add user request	1626816730434	1626816730512	OK	 
REQUEST		add user request	1626816730424	1626816730512	OK	 
REQUEST		add user request	1626816730427	1626816730522	OK	 
REQUEST		add user request	1626816730460	1626816730530	OK	 
REQUEST		add user request	1626816730460	1626816730538	OK	 
REQUEST		add user request	1626816730474	1626816730572	OK	 
REQUEST		get all users request	1626816730412	1626816730572	OK	 
REQUEST		add user request	1626816730489	1626816730578	OK	 
REQUEST		add user request	1626816730497	1626816730583	OK	 
REQUEST		add user request	1626816730512	1626816730589	OK	 
REQUEST		add user request	1626816730506	1626816730589	OK	 
REQUEST		add user request	1626816730512	1626816730596	OK	 
REQUEST		get single user request	1626816730573	1626816730611	OK	 
REQUEST		add user request	1626816730530	1626816730616	OK	 
REQUEST		add user request	1626816730573	1626816730658	OK	 
REQUEST		add user request	1626816730578	1626816730665	OK	 
REQUEST		add user request	1626816730539	1626816730731	OK	 
REQUEST		add user request	1626816730650	1626816730731	OK	 
REQUEST		add user request	1626816730579	1626816730732	OK	 
REQUEST		add user request	1626816730583	1626816730731	OK	 
REQUEST		add user request	1626816730661	1626816730754	OK	 
REQUEST		add user request	1626816730650	1626816730759	OK	 
REQUEST		add user request	1626816730669	1626816730828	OK	 
REQUEST		add user request	1626816730732	1626816730828	OK	 
REQUEST		add user request	1626816730755	1626816730845	OK	 
REQUEST		add user request	1626816730742	1626816730850	OK	 
REQUEST		add user request	1626816730759	1626816730860	OK	 
REQUEST		add user request	1626816730666	1626816730908	OK	 
USER	Fixed duration simulation	START	1626816730911
REQUEST		add user request	1626816730829	1626816730960	OK	 
REQUEST		add user request	1626816730852	1626816730960	OK	 
REQUEST		get all users request	1626816730913	1626816731075	OK	 
REQUEST		add user request	1626816730973	1626816731099	OK	 
REQUEST		get single user request	1626816731137	1626816731194	OK	 
REQUEST		add user request	1626816731101	1626816731225	OK	 
REQUEST		add user request	1626816731171	1626816731275	OK	 
REQUEST		add user request	1626816731227	1626816731322	OK	 
REQUEST		add user request	1626816731229	1626816731331	OK	 
REQUEST		add user request	1626816731282	1626816731366	OK	 
REQUEST		add user request	1626816731276	1626816731366	OK	 
USER	Fixed duration simulation	START	1626816731411
REQUEST		add user request	1626816731333	1626816731425	OK	 
REQUEST		add user request	1626816731323	1626816731431	OK	 
REQUEST		add user request	1626816731368	1626816731449	OK	 
REQUEST		add user request	1626816731447	1626816731536	OK	 
REQUEST		get all users request	1626816731411	1626816731600	OK	 
REQUEST		add user request	1626816731536	1626816731611	OK	 
REQUEST		add user request	1626816731572	1626816731661	OK	 
REQUEST		add user request	1626816731662	1626816731748	OK	 
USER	Fixed duration simulation	START	1626816731912
REQUEST		add user request	1626816731824	1626816731935	OK	 
REQUEST		add user request	1626816731850	1626816731985	OK	 
REQUEST		add user request	1626816731935	1626816732046	OK	 
REQUEST		get all users request	1626816731912	1626816732093	OK	 
REQUEST		add user request	1626816731985	1626816732125	OK	 
REQUEST		get single user request	1626816732070	1626816732143	OK	 
REQUEST		add user request	1626816732070	1626816732176	OK	 
REQUEST		add user request	1626816732159	1626816732252	OK	 
REQUEST		add user request	1626816732178	1626816732258	OK	 
REQUEST		add user request	1626816732176	1626816732293	OK	 
REQUEST		add user request	1626816732206	1626816732314	OK	 
REQUEST		add user request	1626816732252	1626816732378	OK	 
REQUEST		add user request	1626816732315	1626816732395	OK	 
REQUEST		add user request	1626816732295	1626816732394	OK	 
REQUEST		add user request	1626816732402	1626816732499	OK	 
REQUEST		add user request	1626816732501	1626816732595	OK	 
REQUEST		add user request	1626816732540	1626816732619	OK	 
REQUEST		get single user request	1626816732579	1626816732627	OK	 
REQUEST		add user request	1626816732613	1626816732710	OK	 
REQUEST		add user request	1626816732620	1626816732710	OK	 
REQUEST		add user request	1626816732711	1626816732792	OK	 
REQUEST		add user request	1626816732773	1626816732859	OK	 
USER	Fixed duration simulation	START	1626816732913
REQUEST		add user request	1626816732859	1626816732933	OK	 
REQUEST		add user request	1626816732860	1626816732954	OK	 
REQUEST		add user request	1626816732873	1626816732980	OK	 
REQUEST		add user request	1626816732934	1626816733008	OK	 
REQUEST		add user request	1626816732982	1626816733082	OK	 
REQUEST		get all users request	1626816732913	1626816733121	OK	 
REQUEST		get single user request	1626816733080	1626816733135	OK	 
REQUEST		add user request	1626816733179	1626816733289	OK	 
REQUEST		add user request	1626816733196	1626816733295	OK	 
REQUEST		add user request	1626816733290	1626816733380	OK	 
REQUEST		add user request	1626816733295	1626816733412	OK	 
USER	Fixed duration simulation	START	1626816733412
REQUEST		add user request	1626816733382	1626816733579	OK	 
REQUEST		add user request	1626816733485	1626816733581	OK	 
REQUEST		get all users request	1626816733413	1626816733647	OK	 
REQUEST		get single user request	1626816733603	1626816733663	OK	 
REQUEST		add user request	1626816733580	1626816733688	OK	 
REQUEST		add user request	1626816733582	1626816733696	OK	 
REQUEST		add user request	1626816733491	1626816733808	OK	 
REQUEST		add user request	1626816733767	1626816733854	OK	 
REQUEST		add user request	1626816733809	1626816733887	OK	 
USER	Fixed duration simulation	START	1626816733913
REQUEST		add user request	1626816733854	1626816733929	OK	 
REQUEST		add user request	1626816733855	1626816733942	OK	 
REQUEST		get all users request	1626816733913	1626816734042	OK	 
REQUEST		add user request	1626816733943	1626816734067	OK	 
REQUEST		add user request	1626816734019	1626816734113	OK	 
REQUEST		add user request	1626816734045	1626816734140	OK	 
REQUEST		get single user request	1626816734096	1626816734143	OK	 
REQUEST		add user request	1626816734114	1626816734186	OK	 
REQUEST		add user request	1626816734141	1626816734229	OK	 
REQUEST		add user request	1626816734149	1626816734242	OK	 
REQUEST		add user request	1626816734245	1626816734338	OK	 
USER	Fixed duration simulation	START	1626816734410
REQUEST		add user request	1626816734390	1626816734497	OK	 
REQUEST		get all users request	1626816734410	1626816734567	OK	 
REQUEST		add user request	1626816734512	1626816734590	OK	 
REQUEST		add user request	1626816734498	1626816734590	OK	 
REQUEST		add user request	1626816734533	1626816734624	OK	 
REQUEST		add user request	1626816734591	1626816734667	OK	 
REQUEST		add user request	1626816734599	1626816734703	OK	 
REQUEST		add user request	1626816734625	1626816734704	OK	 
REQUEST		add user request	1626816734599	1626816734705	OK	 
REQUEST		add user request	1626816734624	1626816734706	OK	 
REQUEST		add user request	1626816734593	1626816734711	OK	 
REQUEST		add user request	1626816734667	1626816734745	OK	 
REQUEST		add user request	1626816734629	1626816734757	OK	 
REQUEST		add user request	1626816734704	1626816734778	OK	 
REQUEST		add user request	1626816734704	1626816734780	OK	 
REQUEST		add user request	1626816734706	1626816734784	OK	 
REQUEST		add user request	1626816734712	1626816734788	OK	 
REQUEST		add user request	1626816734739	1626816734822	OK	 
REQUEST		add user request	1626816734739	1626816734823	OK	 
REQUEST		add user request	1626816734740	1626816734827	OK	 
REQUEST		add user request	1626816734745	1626816734832	OK	 
REQUEST		add user request	1626816734757	1626816734846	OK	 
REQUEST		add user request	1626816734823	1626816734906	OK	 
REQUEST		add user request	1626816734824	1626816734910	OK	 
REQUEST		add user request	1626816734827	1626816734913	OK	 
USER	Fixed duration simulation	START	1626816734912
REQUEST		add user request	1626816734836	1626816734920	OK	 
REQUEST		add user request	1626816734850	1626816734945	OK	 
REQUEST		add user request	1626816734868	1626816734962	OK	 
REQUEST		add user request	1626816734945	1626816735031	OK	 
REQUEST		add user request	1626816734921	1626816735031	OK	 
REQUEST		add user request	1626816734915	1626816735032	OK	 
REQUEST		add user request	1626816734969	1626816735129	OK	 
REQUEST		add user request	1626816735033	1626816735129	OK	 
REQUEST		add user request	1626816734963	1626816735129	OK	 
REQUEST		add user request	1626816734969	1626816735129	OK	 
REQUEST		get all users request	1626816734913	1626816735129	OK	 
REQUEST		get single user request	1626816735124	1626816735180	OK	 
REQUEST		add user request	1626816735137	1626816735227	OK	 
REQUEST		add user request	1626816735129	1626816735236	OK	 
REQUEST		add user request	1626816735129	1626816735236	OK	 
REQUEST		add user request	1626816735228	1626816735319	OK	 
REQUEST		add user request	1626816735235	1626816735338	OK	 
REQUEST		add user request	1626816735340	1626816735445	OK	 
REQUEST		add user request	1626816735379	1626816735486	OK	 
REQUEST		add user request	1626816735438	1626816735535	OK	 
REQUEST		add user request	1626816735454	1626816735538	OK	 
REQUEST		add user request	1626816735437	1626816735540	OK	 
REQUEST		add user request	1626816735487	1626816735582	OK	 
REQUEST		add user request	1626816735539	1626816735627	OK	 
REQUEST		add user request	1626816735540	1626816735639	OK	 
REQUEST		add user request	1626816735535	1626816735644	OK	 
REQUEST		get single user request	1626816735651	1626816735701	OK	 
REQUEST		add user request	1626816735617	1626816735706	OK	 
REQUEST		add user request	1626816735669	1626816735774	OK	 
REQUEST		add user request	1626816735707	1626816735786	OK	 
REQUEST		add user request	1626816735755	1626816735853	OK	 
REQUEST		add user request	1626816735779	1626816735884	OK	 
USER	Fixed duration simulation	START	1626816735911
REQUEST		add user request	1626816735855	1626816735970	OK	 
REQUEST		get all users request	1626816735911	1626816736046	OK	 
REQUEST		get single user request	1626816736048	1626816736091	OK	 
REQUEST		add user request	1626816736054	1626816736147	OK	 
REQUEST		add user request	1626816736133	1626816736218	OK	 
REQUEST		add user request	1626816736145	1626816736229	OK	 
REQUEST		add user request	1626816736148	1626816736257	OK	 
REQUEST		add user request	1626816736219	1626816736305	OK	 
REQUEST		add user request	1626816736264	1626816736338	OK	 
REQUEST		add user request	1626816736231	1626816736340	OK	 
USER	Fixed duration simulation	START	1626816736412
REQUEST		add user request	1626816736339	1626816736417	OK	 
REQUEST		add user request	1626816736383	1626816736484	OK	 
REQUEST		add user request	1626816736403	1626816736491	OK	 
REQUEST		add user request	1626816736400	1626816736503	OK	 
REQUEST		get all users request	1626816736413	1626816736574	OK	 
REQUEST		add user request	1626816736491	1626816736580	OK	 
REQUEST		add user request	1626816736486	1626816736588	OK	 
REQUEST		add user request	1626816736504	1626816736596	OK	 
REQUEST		get single user request	1626816736572	1626816736631	OK	 
REQUEST		add user request	1626816736602	1626816736694	OK	 
REQUEST		add user request	1626816736696	1626816736838	OK	 
REQUEST		add user request	1626816736718	1626816736843	OK	 
USER	Fixed duration simulation	START	1626816736914
REQUEST		add user request	1626816736843	1626816736922	OK	 
REQUEST		add user request	1626816736798	1626816736935	OK	 
REQUEST		add user request	1626816736936	1626816737061	OK	 
REQUEST		get all users request	1626816736914	1626816737062	OK	 
REQUEST		add user request	1626816736962	1626816737065	OK	 
REQUEST		add user request	1626816737013	1626816737136	OK	 
REQUEST		add user request	1626816737067	1626816737164	OK	 
REQUEST		get single user request	1626816737132	1626816737185	OK	 
REQUEST		add user request	1626816737137	1626816737210	OK	 
REQUEST		add user request	1626816737091	1626816737221	OK	 
REQUEST		add user request	1626816737181	1626816737281	OK	 
REQUEST		add user request	1626816737221	1626816737336	OK	 
REQUEST		add user request	1626816737282	1626816737380	OK	 
USER	Fixed duration simulation	START	1626816737412
REQUEST		add user request	1626816737388	1626816737478	OK	 
REQUEST		add user request	1626816737422	1626816737526	OK	 
REQUEST		get all users request	1626816737412	1626816737583	OK	 
REQUEST		add user request	1626816737479	1626816737591	OK	 
REQUEST		add user request	1626816737530	1626816737633	OK	 
REQUEST		add user request	1626816737701	1626816737812	OK	 
REQUEST		add user request	1626816737705	1626816737812	OK	 
REQUEST		add user request	1626816737705	1626816737825	OK	 
USER	Fixed duration simulation	START	1626816737914
REQUEST		add user request	1626816737813	1626816737918	OK	 
REQUEST		add user request	1626816737813	1626816737943	OK	 
REQUEST		add user request	1626816737827	1626816737943	OK	 
REQUEST		add user request	1626816737932	1626816738033	OK	 
REQUEST		add user request	1626816737898	1626816738065	OK	 
REQUEST		get single user request	1626816738052	1626816738102	OK	 
REQUEST		add user request	1626816738034	1626816738153	OK	 
REQUEST		add user request	1626816738065	1626816738156	OK	 
REQUEST		get all users request	1626816737914	1626816738159	OK	 
REQUEST		add user request	1626816738076	1626816738160	OK	 
REQUEST		add user request	1626816738097	1626816738192	OK	 
REQUEST		add user request	1626816738161	1626816738269	OK	 
REQUEST		add user request	1626816738195	1626816738269	OK	 
REQUEST		add user request	1626816738195	1626816738314	OK	 
REQUEST		add user request	1626816738270	1626816738363	OK	 
REQUEST		add user request	1626816738238	1626816738363	OK	 
REQUEST		add user request	1626816738346	1626816738454	OK	 
REQUEST		add user request	1626816738365	1626816738457	OK	 
REQUEST		add user request	1626816738455	1626816738582	OK	 
REQUEST		get single user request	1626816738579	1626816738631	OK	 
REQUEST		add user request	1626816738600	1626816738701	OK	 
REQUEST		add user request	1626816738677	1626816738822	OK	 
REQUEST		add user request	1626816738721	1626816738822	OK	 
REQUEST		add user request	1626816738703	1626816738822	OK	 
REQUEST		add user request	1626816738634	1626816738821	OK	 
REQUEST		add user request	1626816738787	1626816738900	OK	 
REQUEST		add user request	1626816738783	1626816738912	OK	 
REQUEST		add user request	1626816738793	1626816738912	OK	 
REQUEST		add user request	1626816738822	1626816738912	OK	 
REQUEST		add user request	1626816738822	1626816738913	OK	 
REQUEST		add user request	1626816738798	1626816738919	OK	 
REQUEST		add user request	1626816738837	1626816738919	OK	 
REQUEST		add user request	1626816738822	1626816738921	OK	 
REQUEST		add user request	1626816738850	1626816738940	OK	 
REQUEST		add user request	1626816738901	1626816738983	OK	 
REQUEST		add user request	1626816738913	1626816738985	OK	 
REQUEST		add user request	1626816738914	1626816738987	OK	 
REQUEST		add user request	1626816738917	1626816738991	OK	 
REQUEST		add user request	1626816738914	1626816738994	OK	 
REQUEST		add user request	1626816738919	1626816739004	OK	 
REQUEST		add user request	1626816738918	1626816739008	OK	 
REQUEST		add user request	1626816738919	1626816739011	OK	 
REQUEST		add user request	1626816738941	1626816739031	OK	 
REQUEST		add user request	1626816738991	1626816739072	OK	 
REQUEST		add user request	1626816738995	1626816739077	OK	 
REQUEST		get single user request	1626816739064	1626816739099	OK	 
REQUEST		add user request	1626816739011	1626816739103	OK	 
REQUEST		add user request	1626816739038	1626816739112	OK	 
REQUEST		add user request	1626816739038	1626816739127	OK	 
REQUEST		add user request	1626816739113	1626816739204	OK	 
REQUEST		add user request	1626816739128	1626816739213	OK	 
REQUEST		add user request	1626816739133	1626816739239	OK	 
REQUEST		add user request	1626816739133	1626816739250	OK	 
REQUEST		add user request	1626816739186	1626816739293	OK	 
REQUEST		add user request	1626816739239	1626816739339	OK	 
REQUEST		add user request	1626816739241	1626816739346	OK	 
REQUEST		add user request	1626816739251	1626816739346	OK	 
REQUEST		add user request	1626816739244	1626816739352	OK	 
REQUEST		add user request	1626816739293	1626816739378	OK	 
REQUEST		add user request	1626816739330	1626816739427	OK	 
REQUEST		add user request	1626816739352	1626816739449	OK	 
REQUEST		add user request	1626816739347	1626816739452	OK	 
REQUEST		add user request	1626816739428	1626816739522	OK	 
REQUEST		add user request	1626816739451	1626816739547	OK	 
REQUEST		get single user request	1626816739587	1626816739630	OK	 
REQUEST		add user request	1626816739548	1626816739660	OK	 
REQUEST		add user request	1626816739593	1626816739684	OK	 
REQUEST		add user request	1626816739632	1626816739724	OK	 
REQUEST		add user request	1626816739645	1626816739745	OK	 
REQUEST		add user request	1626816739652	1626816739760	OK	 
REQUEST		add user request	1626816739685	1626816739778	OK	 
REQUEST		add user request	1626816739725	1626816739806	OK	 
REQUEST		add user request	1626816739761	1626816739865	OK	 
REQUEST		add user request	1626816739746	1626816739865	OK	 
REQUEST		add user request	1626816739797	1626816739877	OK	 
REQUEST		add user request	1626816739878	1626816739952	OK	 
REQUEST		add user request	1626816739888	1626816739995	OK	 
REQUEST		add user request	1626816739979	1626816740071	OK	 
REQUEST		add user request	1626816739996	1626816740108	OK	 
REQUEST		add user request	1626816740071	1626816740166	OK	 
REQUEST		add user request	1626816740105	1626816740187	OK	 
REQUEST		get single user request	1626816740160	1626816740214	OK	 
REQUEST		add user request	1626816740188	1626816740267	OK	 
REQUEST		add user request	1626816740265	1626816740369	OK	 
REQUEST		add user request	1626816740318	1626816740419	OK	 
REQUEST		add user request	1626816740348	1626816740437	OK	 
REQUEST		add user request	1626816740370	1626816740465	OK	 
REQUEST		add user request	1626816740425	1626816740500	OK	 
REQUEST		add user request	1626816740420	1626816740516	OK	 
REQUEST		add user request	1626816740437	1626816740547	OK	 
REQUEST		add user request	1626816740500	1626816740575	OK	 
REQUEST		add user request	1626816740585	1626816740672	OK	 
REQUEST		add user request	1626816740601	1626816740698	OK	 
REQUEST		add user request	1626816740593	1626816740702	OK	 
REQUEST		add user request	1626816740634	1626816740733	OK	 
REQUEST		add user request	1626816740673	1626816740770	OK	 
REQUEST		add user request	1626816740698	1626816740799	OK	 
REQUEST		add user request	1626816740734	1626816740867	OK	 
REQUEST		add user request	1626816740703	1626816740878	OK	 
REQUEST		add user request	1626816740846	1626816740935	OK	 
REQUEST		add user request	1626816740927	1626816741001	OK	 
REQUEST		add user request	1626816740936	1626816741036	OK	 
REQUEST		add user request	1626816741002	1626816741090	OK	 
REQUEST		add user request	1626816741065	1626816741139	OK	 
REQUEST		add user request	1626816741100	1626816741212	OK	 
REQUEST		add user request	1626816741140	1626816741221	OK	 
REQUEST		add user request	1626816741168	1626816741253	OK	 
REQUEST		add user request	1626816741213	1626816741287	OK	 
REQUEST		add user request	1626816741213	1626816741293	OK	 
REQUEST		add user request	1626816741255	1626816741335	OK	 
REQUEST		add user request	1626816741294	1626816741370	OK	 
REQUEST		add user request	1626816741339	1626816741429	OK	 
REQUEST		add user request	1626816741389	1626816741482	OK	 
REQUEST		add user request	1626816741430	1626816741532	OK	 
REQUEST		add user request	1626816741482	1626816741580	OK	 
REQUEST		add user request	1626816741599	1626816741684	OK	 
REQUEST		add user request	1626816741633	1626816741714	OK	 
REQUEST		add user request	1626816741639	1626816741733	OK	 
REQUEST		add user request	1626816741685	1626816741767	OK	 
REQUEST		add user request	1626816741714	1626816741859	OK	 
REQUEST		add user request	1626816741735	1626816741861	OK	 
REQUEST		add user request	1626816741924	1626816742014	OK	 
REQUEST		add user request	1626816741950	1626816742080	OK	 
REQUEST		add user request	1626816741951	1626816742086	OK	 
REQUEST		add user request	1626816742014	1626816742101	OK	 
REQUEST		add user request	1626816742080	1626816742164	OK	 
REQUEST		add user request	1626816742088	1626816742180	OK	 
REQUEST		add user request	1626816742162	1626816742240	OK	 
REQUEST		add user request	1626816742163	1626816742276	OK	 
REQUEST		add user request	1626816742240	1626816742314	OK	 
REQUEST		add user request	1626816742221	1626816742316	OK	 
REQUEST		add user request	1626816742276	1626816742388	OK	 
REQUEST		add user request	1626816742322	1626816742399	OK	 
REQUEST		add user request	1626816742316	1626816742420	OK	 
REQUEST		add user request	1626816742275	1626816742436	OK	 
REQUEST		add user request	1626816742372	1626816742449	OK	 
REQUEST		add user request	1626816742399	1626816742527	OK	 
REQUEST		add user request	1626816742450	1626816742536	OK	 
REQUEST		add user request	1626816742437	1626816742560	OK	 
REQUEST		add user request	1626816742468	1626816742631	OK	 
REQUEST		add user request	1626816742587	1626816742681	OK	 
REQUEST		add user request	1626816742631	1626816742749	OK	 
REQUEST		add user request	1626816742682	1626816742772	OK	 
REQUEST		add user request	1626816742832	1626816743028	OK	 
REQUEST		add user request	1626816742916	1626816743043	OK	 
REQUEST		add user request	1626816742916	1626816743048	OK	 
REQUEST		add user request	1626816742932	1626816743060	OK	 
REQUEST		add user request	1626816742995	1626816743075	OK	 
REQUEST		add user request	1626816742991	1626816743077	OK	 
REQUEST		add user request	1626816742999	1626816743079	OK	 
REQUEST		add user request	1626816743012	1626816743092	OK	 
REQUEST		add user request	1626816743018	1626816743104	OK	 
REQUEST		add user request	1626816743043	1626816743125	OK	 
REQUEST		add user request	1626816743037	1626816743159	OK	 
REQUEST		add user request	1626816743029	1626816743159	OK	 
REQUEST		add user request	1626816743048	1626816743160	OK	 
REQUEST		add user request	1626816743075	1626816743161	OK	 
REQUEST		add user request	1626816743077	1626816743211	OK	 
REQUEST		add user request	1626816743060	1626816743214	OK	 
REQUEST		add user request	1626816743112	1626816743214	OK	 
REQUEST		add user request	1626816743080	1626816743216	OK	 
REQUEST		add user request	1626816743080	1626816743215	OK	 
REQUEST		add user request	1626816743092	1626816743216	OK	 
REQUEST		add user request	1626816743105	1626816743217	OK	 
REQUEST		add user request	1626816743080	1626816743218	OK	 
REQUEST		add user request	1626816743219	1626816743301	OK	 
REQUEST		add user request	1626816743209	1626816743301	OK	 
REQUEST		add user request	1626816743159	1626816743308	OK	 
REQUEST		add user request	1626816743218	1626816743310	OK	 
REQUEST		add user request	1626816743214	1626816743315	OK	 
REQUEST		add user request	1626816743220	1626816743316	OK	 
REQUEST		add user request	1626816743302	1626816743389	OK	 
REQUEST		add user request	1626816743317	1626816743417	OK	 
REQUEST		add user request	1626816743386	1626816743477	OK	 
REQUEST		add user request	1626816743355	1626816743483	OK	 
REQUEST		add user request	1626816743347	1626816743495	OK	 
REQUEST		add user request	1626816743455	1626816743557	OK	 
REQUEST		add user request	1626816743478	1626816743590	OK	 
REQUEST		add user request	1626816743460	1626816743590	OK	 
REQUEST		add user request	1626816743483	1626816743590	OK	 
REQUEST		add user request	1626816743495	1626816743595	OK	 
REQUEST		add user request	1626816743529	1626816743623	OK	 
REQUEST		add user request	1626816743557	1626816743654	OK	 
REQUEST		add user request	1626816743590	1626816743689	OK	 
REQUEST		add user request	1626816743623	1626816743718	OK	 
REQUEST		add user request	1626816743664	1626816743756	OK	 
REQUEST		add user request	1626816743756	1626816743854	OK	 
REQUEST		add user request	1626816743813	1626816743926	OK	 
REQUEST		add user request	1626816743784	1626816743940	OK	 
REQUEST		add user request	1626816743872	1626816743966	OK	 
REQUEST		add user request	1626816743878	1626816744001	OK	 
REQUEST		add user request	1626816743926	1626816744017	OK	 
REQUEST		add user request	1626816743940	1626816744031	OK	 
REQUEST		add user request	1626816743958	1626816744032	OK	 
REQUEST		add user request	1626816743967	1626816744074	OK	 
REQUEST		add user request	1626816744002	1626816744100	OK	 
REQUEST		add user request	1626816744032	1626816744117	OK	 
REQUEST		add user request	1626816744114	1626816744221	OK	 
REQUEST		add user request	1626816744170	1626816744275	OK	 
REQUEST		add user request	1626816744222	1626816744322	OK	 
REQUEST		add user request	1626816744276	1626816744356	OK	 
REQUEST		add user request	1626816744275	1626816744368	OK	 
REQUEST		add user request	1626816744356	1626816744433	OK	 
REQUEST		add user request	1626816744472	1626816744570	OK	 
REQUEST		add user request	1626816744524	1626816744611	OK	 
REQUEST		add user request	1626816744555	1626816744634	OK	 
REQUEST		add user request	1626816744582	1626816744654	OK	 
REQUEST		add user request	1626816744570	1626816744675	OK	 
REQUEST		add user request	1626816744611	1626816744697	OK	 
REQUEST		add user request	1626816744634	1626816744713	OK	 
REQUEST		add user request	1626816744655	1626816744732	OK	 
REQUEST		add user request	1626816744779	1626816744883	OK	 
REQUEST		add user request	1626816744809	1626816744911	OK	 
REQUEST		add user request	1626816744876	1626816744973	OK	 
REQUEST		add user request	1626816744884	1626816744976	OK	 
REQUEST		add user request	1626816744889	1626816744992	OK	 
REQUEST		add user request	1626816744911	1626816745009	OK	 
REQUEST		add user request	1626816744973	1626816745071	OK	 
REQUEST		add user request	1626816744992	1626816745127	OK	 
REQUEST		add user request	1626816745045	1626816745163	OK	 
REQUEST		add user request	1626816745097	1626816745210	OK	 
REQUEST		add user request	1626816745164	1626816745256	OK	 
REQUEST		add user request	1626816745211	1626816745288	OK	 
REQUEST		add user request	1626816745229	1626816745347	OK	 
REQUEST		add user request	1626816745297	1626816745441	OK	 
REQUEST		add user request	1626816745348	1626816745441	OK	 
REQUEST		add user request	1626816745340	1626816745442	OK	 
REQUEST		add user request	1626816745380	1626816745458	OK	 
REQUEST		add user request	1626816745441	1626816745524	OK	 
REQUEST		add user request	1626816745458	1626816745533	OK	 
REQUEST		add user request	1626816745442	1626816745536	OK	 
REQUEST		add user request	1626816745536	1626816745670	OK	 
REQUEST		add user request	1626816745588	1626816745684	OK	 
REQUEST		add user request	1626816745670	1626816745768	OK	 
REQUEST		add user request	1626816745685	1626816745791	OK	 
REQUEST		add user request	1626816745771	1626816745859	OK	 
REQUEST		add user request	1626816745859	1626816745941	OK	 
REQUEST		add user request	1626816745868	1626816745970	OK	 
REQUEST		add user request	1626816745868	1626816745970	OK	 
REQUEST		add user request	1626816745971	1626816746074	OK	 
REQUEST		add user request	1626816745971	1626816746088	OK	 
REQUEST		add user request	1626816746113	1626816746231	OK	 
REQUEST		add user request	1626816746181	1626816746270	OK	 
REQUEST		add user request	1626816746187	1626816746286	OK	 
REQUEST		add user request	1626816746231	1626816746335	OK	 
REQUEST		add user request	1626816746271	1626816746357	OK	 
REQUEST		add user request	1626816746287	1626816746387	OK	 
REQUEST		add user request	1626816746322	1626816746394	OK	 
REQUEST		add user request	1626816746394	1626816746464	OK	 
REQUEST		add user request	1626816746395	1626816746476	OK	 
REQUEST		add user request	1626816746429	1626816746534	OK	 
REQUEST		add user request	1626816746476	1626816746561	OK	 
REQUEST		add user request	1626816746530	1626816746763	OK	 
REQUEST		add user request	1626816746540	1626816746763	OK	 
REQUEST		add user request	1626816746567	1626816746764	OK	 
REQUEST		add user request	1626816746534	1626816746768	OK	 
REQUEST		add user request	1626816746764	1626816746841	OK	 
REQUEST		add user request	1626816746764	1626816746845	OK	 
REQUEST		add user request	1626816746757	1626816746884	OK	 
REQUEST		add user request	1626816746783	1626816746888	OK	 
REQUEST		add user request	1626816746766	1626816746903	OK	 
REQUEST		add user request	1626816746889	1626816746974	OK	 
REQUEST		add user request	1626816746885	1626816746981	OK	 
REQUEST		add user request	1626816747128	1626816747239	OK	 
REQUEST		add user request	1626816747168	1626816747247	OK	 
REQUEST		add user request	1626816747168	1626816747260	OK	 
REQUEST		add user request	1626816747168	1626816747295	OK	 
REQUEST		add user request	1626816747223	1626816747301	OK	 
REQUEST		add user request	1626816747223	1626816747300	OK	 
REQUEST		add user request	1626816747223	1626816747302	OK	 
REQUEST		add user request	1626816747225	1626816747309	OK	 
REQUEST		add user request	1626816747223	1626816747323	OK	 
REQUEST		add user request	1626816747239	1626816747323	OK	 
REQUEST		add user request	1626816747248	1626816747328	OK	 
REQUEST		add user request	1626816747261	1626816747350	OK	 
REQUEST		add user request	1626816747302	1626816747378	OK	 
REQUEST		add user request	1626816747302	1626816747378	OK	 
REQUEST		add user request	1626816747303	1626816747384	OK	 
REQUEST		add user request	1626816747309	1626816747385	OK	 
REQUEST		add user request	1626816747307	1626816747390	OK	 
REQUEST		add user request	1626816747296	1626816747402	OK	 
REQUEST		add user request	1626816747314	1626816747409	OK	 
REQUEST		add user request	1626816747320	1626816747411	OK	 
REQUEST		add user request	1626816747323	1626816747424	OK	 
REQUEST		add user request	1626816747316	1626816747428	OK	 
REQUEST		add user request	1626816747390	1626816747472	OK	 
REQUEST		add user request	1626816747411	1626816747525	OK	 
REQUEST		add user request	1626816747411	1626816747525	OK	 
REQUEST		add user request	1626816747400	1626816747525	OK	 
REQUEST		add user request	1626816747423	1626816747527	OK	 
REQUEST		add user request	1626816747428	1626816747527	OK	 
REQUEST		add user request	1626816747526	1626816747602	OK	 
REQUEST		add user request	1626816747527	1626816747613	OK	 
REQUEST		add user request	1626816747596	1626816747678	OK	 
REQUEST		add user request	1626816747597	1626816747682	OK	 
REQUEST		add user request	1626816747601	1626816747739	OK	 
REQUEST		add user request	1626816747664	1626816747767	OK	 
REQUEST		add user request	1626816747678	1626816747767	OK	 
REQUEST		add user request	1626816747683	1626816747771	OK	 
REQUEST		add user request	1626816747698	1626816747815	OK	 
REQUEST		add user request	1626816747724	1626816747870	OK	 
REQUEST		add user request	1626816747768	1626816747870	OK	 
REQUEST		add user request	1626816747740	1626816747880	OK	 
REQUEST		add user request	1626816747816	1626816747923	OK	 
REQUEST		add user request	1626816747861	1626816747982	OK	 
REQUEST		add user request	1626816747870	1626816747989	OK	 
REQUEST		add user request	1626816747983	1626816748077	OK	 
REQUEST		add user request	1626816748020	1626816748106	OK	 
REQUEST		add user request	1626816748041	1626816748138	OK	 
REQUEST		add user request	1626816748082	1626816748189	OK	 
REQUEST		add user request	1626816748106	1626816748227	OK	 
REQUEST		add user request	1626816748139	1626816748232	OK	 
REQUEST		add user request	1626816748108	1626816748235	OK	 
REQUEST		add user request	1626816748124	1626816748248	OK	 
REQUEST		add user request	1626816748189	1626816748287	OK	 
REQUEST		add user request	1626816748248	1626816748325	OK	 
REQUEST		add user request	1626816748236	1626816748361	OK	 
REQUEST		add user request	1626816748330	1626816748466	OK	 
REQUEST		add user request	1626816748376	1626816748490	OK	 
REQUEST		add user request	1626816748439	1626816748546	OK	 
REQUEST		add user request	1626816748466	1626816748577	OK	 
REQUEST		add user request	1626816748490	1626816748586	OK	 
REQUEST		add user request	1626816748547	1626816748624	OK	 
REQUEST		add user request	1626816748707	1626816748792	OK	 
REQUEST		add user request	1626816748722	1626816748823	OK	 
REQUEST		add user request	1626816748684	1626816748824	OK	 
REQUEST		add user request	1626816748741	1626816748824	OK	 
REQUEST		add user request	1626816748825	1626816748898	OK	 
REQUEST		add user request	1626816748793	1626816748903	OK	 
REQUEST		add user request	1626816748825	1626816748903	OK	 
REQUEST		add user request	1626816748824	1626816748928	OK	 
REQUEST		add user request	1626816748983	1626816749072	OK	 
REQUEST		add user request	1626816749018	1626816749132	OK	 
REQUEST		add user request	1626816749073	1626816749159	OK	 
REQUEST		add user request	1626816749079	1626816749177	OK	 
REQUEST		add user request	1626816749133	1626816749244	OK	 
REQUEST		add user request	1626816749133	1626816749244	OK	 
REQUEST		add user request	1626816749178	1626816749279	OK	 
REQUEST		add user request	1626816749244	1626816749352	OK	 
REQUEST		add user request	1626816749299	1626816749457	OK	 
REQUEST		add user request	1626816749264	1626816749457	OK	 
REQUEST		add user request	1626816749451	1626816749531	OK	 
REQUEST		add user request	1626816749458	1626816749534	OK	 
REQUEST		add user request	1626816749459	1626816749550	OK	 
REQUEST		add user request	1626816749532	1626816749612	OK	 
REQUEST		add user request	1626816749532	1626816749615	OK	 
REQUEST		add user request	1626816749537	1626816749624	OK	 
REQUEST		add user request	1626816749541	1626816749642	OK	 
REQUEST		add user request	1626816749615	1626816749697	OK	 
REQUEST		add user request	1626816749625	1626816749712	OK	 
REQUEST		add user request	1626816749643	1626816749730	OK	 
REQUEST		add user request	1626816749775	1626816749870	OK	 
REQUEST		add user request	1626816749798	1626816749904	OK	 
REQUEST		add user request	1626816749870	1626816749968	OK	 
REQUEST		add user request	1626816749906	1626816750006	OK	 
REQUEST		add user request	1626816749948	1626816750035	OK	 
REQUEST		add user request	1626816750036	1626816750147	OK	 
REQUEST		add user request	1626816750095	1626816750177	OK	 
REQUEST		add user request	1626816750083	1626816750188	OK	 
REQUEST		add user request	1626816750178	1626816750281	OK	 
REQUEST		add user request	1626816750189	1626816750281	OK	 
REQUEST		add user request	1626816750348	1626816750465	OK	 
REQUEST		add user request	1626816750365	1626816750467	OK	 
REQUEST		add user request	1626816750390	1626816750491	OK	 
REQUEST		add user request	1626816750472	1626816750548	OK	 
REQUEST		add user request	1626816750492	1626816750590	OK	 
REQUEST		add user request	1626816750467	1626816750591	OK	 
REQUEST		add user request	1626816750465	1626816750591	OK	 
REQUEST		add user request	1626816750550	1626816750657	OK	 
REQUEST		add user request	1626816750566	1626816750669	OK	 
REQUEST		add user request	1626816750670	1626816750758	OK	 
REQUEST		add user request	1626816750776	1626816750865	OK	 
REQUEST		add user request	1626816750852	1626816750923	OK	 
REQUEST		add user request	1626816750850	1626816750939	OK	 
REQUEST		add user request	1626816750865	1626816750954	OK	 
REQUEST		add user request	1626816750923	1626816751000	OK	 
REQUEST		add user request	1626816750940	1626816751031	OK	 
REQUEST		add user request	1626816750913	1626816751044	OK	 
REQUEST		add user request	1626816750988	1626816751106	OK	 
REQUEST		add user request	1626816750990	1626816751106	OK	 
REQUEST		add user request	1626816751045	1626816751129	OK	 
REQUEST		add user request	1626816751106	1626816751192	OK	 
REQUEST		add user request	1626816751106	1626816751197	OK	 
REQUEST		add user request	1626816751337	1626816751443	OK	 
REQUEST		add user request	1626816751357	1626816751448	OK	 
REQUEST		add user request	1626816751332	1626816751449	OK	 
REQUEST		add user request	1626816751386	1626816751463	OK	 
REQUEST		add user request	1626816751386	1626816751475	OK	 
REQUEST		add user request	1626816751390	1626816751478	OK	 
REQUEST		add user request	1626816751390	1626816751488	OK	 
REQUEST		add user request	1626816751427	1626816751524	OK	 
REQUEST		add user request	1626816751444	1626816751526	OK	 
REQUEST		add user request	1626816751450	1626816751533	OK	 
REQUEST		add user request	1626816751448	1626816751539	OK	 
REQUEST		add user request	1626816751477	1626816751549	OK	 
REQUEST		add user request	1626816751463	1626816751552	OK	 
REQUEST		add user request	1626816751478	1626816751555	OK	 
REQUEST		add user request	1626816751488	1626816751570	OK	 
REQUEST		add user request	1626816751490	1626816751575	OK	 
REQUEST		add user request	1626816751447	1626816751585	OK	 
REQUEST		add user request	1626816751536	1626816751617	OK	 
REQUEST		add user request	1626816751525	1626816751621	OK	 
REQUEST		add user request	1626816751534	1626816751654	OK	 
REQUEST		add user request	1626816751576	1626816751654	OK	 
REQUEST		add user request	1626816751536	1626816751654	OK	 
REQUEST		add user request	1626816751587	1626816751682	OK	 
REQUEST		add user request	1626816751611	1626816751689	OK	 
REQUEST		add user request	1626816751620	1626816751737	OK	 
REQUEST		add user request	1626816751618	1626816751735	OK	 
REQUEST		add user request	1626816751655	1626816751743	OK	 
REQUEST		add user request	1626816751655	1626816751743	OK	 
REQUEST		add user request	1626816751690	1626816751764	OK	 
REQUEST		add user request	1626816751738	1626816751833	OK	 
REQUEST		add user request	1626816751773	1626816751898	OK	 
REQUEST		add user request	1626816751781	1626816751905	OK	 
REQUEST		add user request	1626816751898	1626816751980	OK	 
REQUEST		add user request	1626816751905	1626816751993	OK	 
REQUEST		add user request	1626816751875	1626816751996	OK	 
REQUEST		add user request	1626816751890	1626816752001	OK	 
REQUEST		add user request	1626816751933	1626816752030	OK	 
REQUEST		add user request	1626816751996	1626816752107	OK	 
REQUEST		add user request	1626816752005	1626816752111	OK	 
REQUEST		add user request	1626816752002	1626816752114	OK	 
REQUEST		add user request	1626816752030	1626816752140	OK	 
REQUEST		add user request	1626816752083	1626816752189	OK	 
REQUEST		add user request	1626816752111	1626816752215	OK	 
REQUEST		add user request	1626816752189	1626816752318	OK	 
REQUEST		add user request	1626816752236	1626816752323	OK	 
REQUEST		add user request	1626816752241	1626816752329	OK	 
REQUEST		add user request	1626816752334	1626816752427	OK	 
REQUEST		add user request	1626816752324	1626816752457	OK	 
REQUEST		add user request	1626816752329	1626816752457	OK	 
REQUEST		add user request	1626816752290	1626816752457	OK	 
REQUEST		add user request	1626816752371	1626816752501	OK	 
REQUEST		add user request	1626816752458	1626816752571	OK	 
REQUEST		add user request	1626816752428	1626816752571	OK	 
REQUEST		add user request	1626816752505	1626816752614	OK	 
REQUEST		add user request	1626816752586	1626816752711	OK	 
REQUEST		add user request	1626816752595	1626816752711	OK	 
REQUEST		add user request	1626816752633	1626816752713	OK	 
REQUEST		add user request	1626816752714	1626816752789	OK	 
REQUEST		add user request	1626816752711	1626816752802	OK	 
REQUEST		add user request	1626816752711	1626816752841	OK	 
REQUEST		add user request	1626816752909	1626816753009	OK	 
REQUEST		add user request	1626816752906	1626816753009	OK	 
REQUEST		add user request	1626816752909	1626816753009	OK	 
REQUEST		add user request	1626816752932	1626816753032	OK	 
REQUEST		add user request	1626816753009	1626816753088	OK	 
REQUEST		add user request	1626816753009	1626816753102	OK	 
REQUEST		add user request	1626816753009	1626816753103	OK	 
REQUEST		add user request	1626816753033	1626816753131	OK	 
REQUEST		add user request	1626816753166	1626816753249	OK	 
REQUEST		add user request	1626816753250	1626816753330	OK	 
REQUEST		add user request	1626816753250	1626816753369	OK	 
REQUEST		add user request	1626816753287	1626816753377	OK	 
REQUEST		add user request	1626816753358	1626816753544	OK	 
REQUEST		add user request	1626816753378	1626816753544	OK	 
REQUEST		add user request	1626816753369	1626816753544	OK	 
REQUEST		add user request	1626816753541	1626816753642	OK	 
REQUEST		add user request	1626816753544	1626816753643	OK	 
REQUEST		add user request	1626816753560	1626816753657	OK	 
REQUEST		add user request	1626816753642	1626816753726	OK	 
REQUEST		add user request	1626816753618	1626816753726	OK	 
REQUEST		add user request	1626816753657	1626816753751	OK	 
REQUEST		add user request	1626816753721	1626816753821	OK	 
REQUEST		add user request	1626816753726	1626816753821	OK	 
REQUEST		add user request	1626816753739	1626816753822	OK	 
REQUEST		add user request	1626816753709	1626816753822	OK	 
REQUEST		add user request	1626816753822	1626816753897	OK	 
REQUEST		add user request	1626816753822	1626816753900	OK	 
REQUEST		add user request	1626816753822	1626816753912	OK	 
REQUEST		add user request	1626816753972	1626816754069	OK	 
REQUEST		add user request	1626816754008	1626816754102	OK	 
REQUEST		add user request	1626816754069	1626816754171	OK	 
REQUEST		add user request	1626816754103	1626816754212	OK	 
REQUEST		add user request	1626816754153	1626816754264	OK	 
REQUEST		add user request	1626816754264	1626816754346	OK	 
REQUEST		add user request	1626816754290	1626816754383	OK	 
REQUEST		add user request	1626816754289	1626816754386	OK	 
REQUEST		add user request	1626816754387	1626816754468	OK	 
REQUEST		add user request	1626816754384	1626816754481	OK	 
REQUEST		add user request	1626816754600	1626816754705	OK	 
REQUEST		add user request	1626816754597	1626816754705	OK	 
REQUEST		add user request	1626816754600	1626816754705	OK	 
REQUEST		add user request	1626816754661	1626816754749	OK	 
REQUEST		add user request	1626816754706	1626816754787	OK	 
REQUEST		add user request	1626816754706	1626816754797	OK	 
REQUEST		add user request	1626816754706	1626816754799	OK	 
REQUEST		add user request	1626816754749	1626816754960	OK	 
REQUEST		add user request	1626816754768	1626816754960	OK	 
REQUEST		add user request	1626816754961	1626816755041	OK	 
REQUEST		add user request	1626816754957	1626816755048	OK	 
REQUEST		add user request	1626816755008	1626816755094	OK	 
REQUEST		add user request	1626816755038	1626816755122	OK	 
REQUEST		add user request	1626816755049	1626816755141	OK	 
REQUEST		add user request	1626816755095	1626816755173	OK	 
REQUEST		add user request	1626816755122	1626816755197	OK	 
REQUEST		add user request	1626816755138	1626816755268	OK	 
REQUEST		add user request	1626816755201	1626816755289	OK	 
REQUEST		add user request	1626816755206	1626816755299	OK	 
REQUEST		add user request	1626816755290	1626816755388	OK	 
REQUEST		add user request	1626816755268	1626816755389	OK	 
REQUEST		add user request	1626816755299	1626816755403	OK	 
REQUEST		add user request	1626816755536	1626816755612	OK	 
REQUEST		add user request	1626816755539	1626816755627	OK	 
REQUEST		add user request	1626816755552	1626816755630	OK	 
REQUEST		add user request	1626816755546	1626816755632	OK	 
REQUEST		add user request	1626816755558	1626816755637	OK	 
REQUEST		add user request	1626816755574	1626816755674	OK	 
REQUEST		add user request	1626816755558	1626816755675	OK	 
REQUEST		add user request	1626816755613	1626816755693	OK	 
REQUEST		add user request	1626816755628	1626816755706	OK	 
REQUEST		add user request	1626816755633	1626816755713	OK	 
REQUEST		add user request	1626816755625	1626816755717	OK	 
REQUEST		add user request	1626816755631	1626816755717	OK	 
REQUEST		add user request	1626816755637	1626816755720	OK	 
REQUEST		add user request	1626816755659	1626816755755	OK	 
REQUEST		add user request	1626816755674	1626816755756	OK	 
REQUEST		add user request	1626816755675	1626816755758	OK	 
REQUEST		add user request	1626816755688	1626816755784	OK	 
REQUEST		add user request	1626816755755	1626816755837	OK	 
REQUEST		add user request	1626816755749	1626816755841	OK	 
REQUEST		add user request	1626816755748	1626816755841	OK	 
REQUEST		add user request	1626816755748	1626816755843	OK	 
REQUEST		add user request	1626816755717	1626816755843	OK	 
REQUEST		add user request	1626816755769	1626816755849	OK	 
REQUEST		add user request	1626816755785	1626816755879	OK	 
REQUEST		add user request	1626816755843	1626816755925	OK	 
REQUEST		add user request	1626816755850	1626816755925	OK	 
REQUEST		add user request	1626816755841	1626816755929	OK	 
REQUEST		add user request	1626816755841	1626816755929	OK	 
REQUEST		add user request	1626816755838	1626816755946	OK	 
REQUEST		add user request	1626816755946	1626816756049	OK	 
REQUEST		add user request	1626816755989	1626816756081	OK	 
REQUEST		add user request	1626816756002	1626816756111	OK	 
REQUEST		add user request	1626816756082	1626816756198	OK	 
REQUEST		add user request	1626816756112	1626816756203	OK	 
REQUEST		add user request	1626816756123	1626816756224	OK	 
REQUEST		add user request	1626816756119	1626816756224	OK	 
REQUEST		add user request	1626816756151	1626816756258	OK	 
REQUEST		add user request	1626816756224	1626816756327	OK	 
REQUEST		add user request	1626816756223	1626816756327	OK	 
REQUEST		add user request	1626816756225	1626816756327	OK	 
REQUEST		add user request	1626816756258	1626816756357	OK	 
REQUEST		add user request	1626816756327	1626816756426	OK	 
REQUEST		add user request	1626816756327	1626816756432	OK	 
REQUEST		add user request	1626816756432	1626816756529	OK	 
REQUEST		add user request	1626816756465	1626816756553	OK	 
REQUEST		add user request	1626816756465	1626816756555	OK	 
REQUEST		add user request	1626816756556	1626816756635	OK	 
REQUEST		add user request	1626816756554	1626816756673	OK	 
REQUEST		add user request	1626816756579	1626816756673	OK	 
REQUEST		add user request	1626816756579	1626816756683	OK	 
REQUEST		add user request	1626816756623	1626816756719	OK	 
REQUEST		add user request	1626816756674	1626816756752	OK	 
REQUEST		add user request	1626816756683	1626816756778	OK	 
REQUEST		add user request	1626816756719	1626816756850	OK	 
REQUEST		add user request	1626816756799	1626816756926	OK	 
REQUEST		add user request	1626816756806	1626816756926	OK	 
REQUEST		add user request	1626816756847	1626816756971	OK	 
REQUEST		add user request	1626816756927	1626816756997	OK	 
REQUEST		add user request	1626816756928	1626816757016	OK	 
REQUEST		add user request	1626816756972	1626816757067	OK	 
REQUEST		add user request	1626816757096	1626816757194	OK	 
REQUEST		add user request	1626816757113	1626816757202	OK	 
REQUEST		add user request	1626816757113	1626816757210	OK	 
REQUEST		add user request	1626816757139	1626816757237	OK	 
REQUEST		add user request	1626816757194	1626816757266	OK	 
REQUEST		add user request	1626816757202	1626816757284	OK	 
REQUEST		add user request	1626816757210	1626816757301	OK	 
REQUEST		add user request	1626816757238	1626816757338	OK	 
REQUEST		add user request	1626816757335	1626816757436	OK	 
REQUEST		add user request	1626816757437	1626816757518	OK	 
REQUEST		add user request	1626816757549	1626816757803	OK	 
REQUEST		add user request	1626816757647	1626816757803	OK	 
REQUEST		add user request	1626816757546	1626816757809	OK	 
REQUEST		add user request	1626816757730	1626816757813	OK	 
REQUEST		add user request	1626816757813	1626816757891	OK	 
REQUEST		add user request	1626816757810	1626816757902	OK	 
REQUEST		add user request	1626816757804	1626816757903	OK	 
REQUEST		add user request	1626816757804	1626816757905	OK	 
REQUEST		add user request	1626816757907	1626816758022	OK	 
REQUEST		add user request	1626816757920	1626816758026	OK	 
REQUEST		add user request	1626816757904	1626816758026	OK	 
REQUEST		add user request	1626816757758	1626816758031	OK	 
REQUEST		add user request	1626816757829	1626816758047	OK	 
REQUEST		add user request	1626816758022	1626816758098	OK	 
REQUEST		add user request	1626816758026	1626816758099	OK	 
REQUEST		add user request	1626816758026	1626816758115	OK	 
REQUEST		add user request	1626816758032	1626816758129	OK	 
REQUEST		add user request	1626816758048	1626816758136	OK	 
REQUEST		add user request	1626816758175	1626816758272	OK	 
REQUEST		add user request	1626816758219	1626816758327	OK	 
REQUEST		add user request	1626816758273	1626816758388	OK	 
REQUEST		add user request	1626816758328	1626816758440	OK	 
REQUEST		add user request	1626816758353	1626816758440	OK	 
REQUEST		add user request	1626816758441	1626816758525	OK	 
REQUEST		add user request	1626816758473	1626816758558	OK	 
REQUEST		add user request	1626816758488	1626816758585	OK	 
REQUEST		add user request	1626816758558	1626816758660	OK	 
REQUEST		add user request	1626816758586	1626816758678	OK	 
REQUEST		add user request	1626816758808	1626816758975	OK	 
REQUEST		add user request	1626816758795	1626816758975	OK	 
REQUEST		add user request	1626816758808	1626816758976	OK	 
REQUEST		add user request	1626816758969	1626816759060	OK	 
REQUEST		add user request	1626816758976	1626816759072	OK	 
REQUEST		add user request	1626816758976	1626816759072	OK	 
REQUEST		add user request	1626816758976	1626816759074	OK	 
REQUEST		add user request	1626816759046	1626816759124	OK	 
REQUEST		add user request	1626816759060	1626816759149	OK	 
REQUEST		add user request	1626816759124	1626816759209	OK	 
REQUEST		add user request	1626816759153	1626816759244	OK	 
REQUEST		add user request	1626816759181	1626816759282	OK	 
REQUEST		add user request	1626816759203	1626816759282	OK	 
REQUEST		add user request	1626816759244	1626816759338	OK	 
REQUEST		add user request	1626816759283	1626816759356	OK	 
REQUEST		add user request	1626816759283	1626816759366	OK	 
REQUEST		add user request	1626816759395	1626816759480	OK	 
REQUEST		add user request	1626816759395	1626816759483	OK	 
REQUEST		add user request	1626816759425	1626816759515	OK	 
REQUEST		add user request	1626816759480	1626816759576	OK	 
REQUEST		add user request	1626816759483	1626816759606	OK	 
REQUEST		add user request	1626816759515	1626816759614	OK	 
REQUEST		add user request	1626816759700	1626816759775	OK	 
REQUEST		add user request	1626816759711	1626816759800	OK	 
REQUEST		add user request	1626816759729	1626816759803	OK	 
REQUEST		add user request	1626816759729	1626816759803	OK	 
REQUEST		add user request	1626816759724	1626816759807	OK	 
REQUEST		add user request	1626816759766	1626816759841	OK	 
REQUEST		add user request	1626816759764	1626816759842	OK	 
REQUEST		add user request	1626816759776	1626816759854	OK	 
REQUEST		add user request	1626816759803	1626816759904	OK	 
REQUEST		add user request	1626816759808	1626816759905	OK	 
REQUEST		add user request	1626816759801	1626816759906	OK	 
REQUEST		add user request	1626816759803	1626816759909	OK	 
REQUEST		add user request	1626816759842	1626816759917	OK	 
REQUEST		add user request	1626816759840	1626816759920	OK	 
REQUEST		add user request	1626816759842	1626816759920	OK	 
REQUEST		add user request	1626816759846	1626816759948	OK	 
REQUEST		add user request	1626816759886	1626816759998	OK	 
REQUEST		add user request	1626816759938	1626816760010	OK	 
REQUEST		add user request	1626816759931	1626816760024	OK	 
REQUEST		add user request	1626816759941	1626816760031	OK	 
REQUEST		add user request	1626816759940	1626816760036	OK	 
REQUEST		add user request	1626816759923	1626816760036	OK	 
REQUEST		add user request	1626816759949	1626816760043	OK	 
REQUEST		add user request	1626816760011	1626816760081	OK	 
REQUEST		add user request	1626816760000	1626816760097	OK	 
REQUEST		add user request	1626816760025	1626816760116	OK	 
REQUEST		add user request	1626816760036	1626816760124	OK	 
REQUEST		add user request	1626816760032	1626816760124	OK	 
REQUEST		add user request	1626816760057	1626816760190	OK	 
REQUEST		add user request	1626816760192	1626816760279	OK	 
REQUEST		add user request	1626816760206	1626816760293	OK	 
REQUEST		add user request	1626816760213	1626816760295	OK	 
REQUEST		add user request	1626816760294	1626816760391	OK	 
REQUEST		add user request	1626816760296	1626816760391	OK	 
REQUEST		add user request	1626816760330	1626816760428	OK	 
REQUEST		add user request	1626816760336	1626816760444	OK	 
REQUEST		add user request	1626816760364	1626816760487	OK	 
REQUEST		add user request	1626816760433	1626816760530	OK	 
REQUEST		add user request	1626816760429	1626816760535	OK	 
REQUEST		add user request	1626816760445	1626816760545	OK	 
REQUEST		add user request	1626816760494	1626816760603	OK	 
REQUEST		add user request	1626816760531	1626816760635	OK	 
REQUEST		add user request	1626816760534	1626816760636	OK	 
REQUEST		add user request	1626816760639	1626816760718	OK	 
REQUEST		add user request	1626816760636	1626816760737	OK	 
REQUEST		add user request	1626816760680	1626816760774	OK	 
REQUEST		add user request	1626816760718	1626816760801	OK	 
REQUEST		add user request	1626816760761	1626816760851	OK	 
REQUEST		add user request	1626816760775	1626816760865	OK	 
REQUEST		add user request	1626816760786	1626816760884	OK	 
REQUEST		add user request	1626816760852	1626816760925	OK	 
REQUEST		add user request	1626816760856	1626816760959	OK	 
REQUEST		add user request	1626816760884	1626816760984	OK	 
REQUEST		add user request	1626816760960	1626816761069	OK	 
REQUEST		add user request	1626816761007	1626816761083	OK	 
REQUEST		add user request	1626816761024	1626816761118	OK	 
REQUEST		add user request	1626816761083	1626816761174	OK	 
REQUEST		add user request	1626816761071	1626816761174	OK	 
REQUEST		add user request	1626816761118	1626816761206	OK	 
REQUEST		add user request	1626816761175	1626816761292	OK	 
REQUEST		add user request	1626816761274	1626816761374	OK	 
REQUEST		add user request	1626816761306	1626816761392	OK	 
REQUEST		add user request	1626816761287	1626816761394	OK	 
REQUEST		add user request	1626816761374	1626816761448	OK	 
REQUEST		add user request	1626816761345	1626816761462	OK	 
REQUEST		add user request	1626816761394	1626816761478	OK	 
REQUEST		add user request	1626816761393	1626816761482	OK	 
REQUEST		add user request	1626816761463	1626816761562	OK	 
REQUEST		add user request	1626816761522	1626816761605	OK	 
REQUEST		add user request	1626816761606	1626816761692	OK	 
REQUEST		add user request	1626816761897	1626816761991	OK	 
REQUEST		add user request	1626816761913	1626816762017	OK	 
REQUEST		add user request	1626816761915	1626816762025	OK	 
REQUEST		add user request	1626816761908	1626816762025	OK	 
REQUEST		add user request	1626816761991	1626816762085	OK	 
REQUEST		add user request	1626816762018	1626816762109	OK	 
REQUEST		add user request	1626816762025	1626816762136	OK	 
REQUEST		add user request	1626816762025	1626816762139	OK	 
REQUEST		add user request	1626816762108	1626816762217	OK	 
REQUEST		add user request	1626816762108	1626816762227	OK	 
REQUEST		add user request	1626816762123	1626816762229	OK	 
REQUEST		add user request	1626816762142	1626816762229	OK	 
REQUEST		add user request	1626816762137	1626816762234	OK	 
REQUEST		add user request	1626816762227	1626816762304	OK	 
REQUEST		add user request	1626816762218	1626816762304	OK	 
REQUEST		add user request	1626816762229	1626816762312	OK	 
REQUEST		add user request	1626816762229	1626816762318	OK	 
REQUEST		add user request	1626816762234	1626816762356	OK	 
REQUEST		add user request	1626816762396	1626816762492	OK	 
REQUEST		add user request	1626816762451	1626816762579	OK	 
REQUEST		add user request	1626816762529	1626816762609	OK	 
REQUEST		add user request	1626816762493	1626816762609	OK	 
REQUEST		add user request	1626816762609	1626816762693	OK	 
REQUEST		add user request	1626816762580	1626816762699	OK	 
REQUEST		add user request	1626816762668	1626816762756	OK	 
REQUEST		add user request	1626816762685	1626816762828	OK	 
REQUEST		add user request	1626816762757	1626816762838	OK	 
REQUEST		add user request	1626816762830	1626816762923	OK	 
REQUEST		add user request	1626816763077	1626816763159	OK	 
REQUEST		add user request	1626816763083	1626816763171	OK	 
REQUEST		add user request	1626816763078	1626816763175	OK	 
REQUEST		add user request	1626816763156	1626816763241	OK	 
REQUEST		add user request	1626816763159	1626816763244	OK	 
REQUEST		add user request	1626816763171	1626816763291	OK	 
REQUEST		add user request	1626816763175	1626816763291	OK	 
REQUEST		add user request	1626816763241	1626816763312	OK	 
REQUEST		add user request	1626816763212	1626816763315	OK	 
REQUEST		add user request	1626816763315	1626816763408	OK	 
REQUEST		add user request	1626816763363	1626816763461	OK	 
REQUEST		add user request	1626816763345	1626816763461	OK	 
REQUEST		add user request	1626816763368	1626816763461	OK	 
REQUEST		add user request	1626816763462	1626816763532	OK	 
REQUEST		add user request	1626816763462	1626816763539	OK	 
REQUEST		add user request	1626816763462	1626816763558	OK	 
REQUEST		add user request	1626816763579	1626816763682	OK	 
REQUEST		add user request	1626816763620	1626816763764	OK	 
REQUEST		add user request	1626816763611	1626816763764	OK	 
REQUEST		add user request	1626816763684	1626816763767	OK	 
